<?xml version="1.0" encoding="UTF-8"?>
<!-- Generated by org.testng.reporters.JUnitReportReporter -->
<testsuite hostname="IBM-34FV4D4" failures="0" tests="2" name="com.ibm.banking.runners.TestRunner" time="16.097" errors="0" timestamp="2026-01-19T16:56:07 IST" skipped="0">
  <testcase classname="com.ibm.banking.runners.TestRunner" name="runScenario" time="7.564"/>
  <testcase classname="com.ibm.banking.runners.TestRunner" name="runScenario" time="8.533"/>
</testsuite> <!-- com.ibm.banking.runners.TestRunner -->
